<?xml version="1.0" encoding="UTF-8"?>
<testng-results ignored="0" total="1" passed="1" failed="0" skipped="0">
  <reporter-output>
  </reporter-output>
  <suite started-at="2023-04-13T12:23:02 IST" name="Default suite" finished-at="2023-04-13T12:23:08 IST" duration-ms="5935">
    <groups>
    </groups>
    <test started-at="2023-04-13T12:23:02 IST" name="Default test" finished-at="2023-04-13T12:23:08 IST" duration-ms="5935">
      <class name="demo">
        <test-method signature="fun()[pri:0, instance:demo@193f604a]" started-at="2023-04-13T12:23:02 IST" name="fun" finished-at="2023-04-13T12:23:08 IST" duration-ms="5873" status="PASS">
          <reporter-output>
          </reporter-output>
        </test-method> <!-- fun -->
      </class> <!-- demo -->
    </test> <!-- Default test -->
  </suite> <!-- Default suite -->
</testng-results>
